
2023/05/27 (12:47:07) | ===> btop++ v.1.2.13
2023/05/27 (12:47:07) | ERROR: Invalid hex value: 40a02b
theme[temp_mid]=
2023/05/27 (12:47:07) | ERROR: Invalid hex value: 89dceb

# Process box color gradient for threads, mem and cpu usage (Sapphire -> Mauve)
theme[process_start]=

2023/05/27 (12:47:15) | ===> btop++ v.1.2.13
2023/05/27 (12:47:15) | ERROR: Invalid hex value: 89dceb

# Process box color gradient for threads, mem and cpu usage (Sapphire -> Mauve)
theme[process_start]=

2023/05/27 (13:35:31) | ===> btop++ v.1.2.13
2023/05/27 (13:35:31) | ERROR: Invalid hex value: 89dceb

# Process box color gradient for threads, mem and cpu usage (Sapphire -> Mauve)
theme[process_start]=

2023/05/27 (15:10:50) | ===> btop++ v.1.2.13
2023/05/27 (15:10:50) | ERROR: Invalid hex value: 89dceb

# Process box color gradient for threads, mem and cpu usage (Sapphire -> Mauve)
theme[process_start]=

2023/05/29 (16:26:29) | ===> btop++ v.1.2.13
2023/05/29 (16:26:29) | ERROR: Invalid hex value: 89dceb

# Process box color gradient for threads, mem and cpu usage (Sapphire -> Mauve)
theme[process_start]=

2023/05/29 (16:26:50) | ===> btop++ v.1.2.13
2023/05/29 (16:26:50) | ERROR: Invalid hex value: 89dceb

# Process box color gradient for threads, mem and cpu usage (Sapphire -> Mauve)
theme[process_start]=

2023/05/29 (22:47:42) | ===> btop++ v.1.2.13
2023/05/29 (22:47:42) | ERROR: Invalid hex value: 89dceb

# Process box color gradient for threads, mem and cpu usage (Sapphire -> Mauve)
theme[process_start]=

2023/06/15 (01:54:50) | ===> btop++ v.1.2.13
2023/06/15 (01:54:50) | ERROR: Invalid hex value: 89dceb

# Process box color gradient for threads, mem and cpu usage (Sapphire -> Mauve)
theme[process_start]=

2023/06/15 (02:02:31) | ===> btop++ v.1.2.13
2023/06/15 (02:02:31) | ERROR: Invalid hex value: 89dceb

# Process box color gradient for threads, mem and cpu usage (Sapphire -> Mauve)
theme[process_start]=

2023/06/15 (18:26:34) | ===> btop++ v.1.2.13
2023/06/15 (18:26:34) | ERROR: Invalid hex value: 89dceb

# Process box color gradient for threads, mem and cpu usage (Sapphire -> Mauve)
theme[process_start]=

2023/06/15 (18:27:42) | ===> btop++ v.1.2.13
2023/06/15 (18:27:42) | ERROR: Invalid hex value: 89dceb

# Process box color gradient for threads, mem and cpu usage (Sapphire -> Mauve)
theme[process_start]=

2023/06/15 (18:32:28) | ===> btop++ v.1.2.13
2023/06/15 (18:32:28) | ERROR: Invalid hex value: 89dceb

# Process box color gradient for threads, mem and cpu usage (Sapphire -> Mauve)
theme[process_start]=

2023/06/15 (18:35:08) | ===> btop++ v.1.2.13
2023/06/15 (18:35:08) | ERROR: Invalid hex value: 89dceb

# Process box color gradient for threads, mem and cpu usage (Sapphire -> Mauve)
theme[process_start]=

2023/06/15 (19:08:00) | ===> btop++ v.1.2.13
2023/06/15 (19:08:00) | ERROR: Invalid hex value: 89dceb

# Process box color gradient for threads, mem and cpu usage (Sapphire -> Mauve)
theme[process_start]=

2023/06/15 (19:11:13) | ===> btop++ v.1.2.13
2023/06/15 (19:11:13) | ERROR: Invalid hex value: 89dceb

# Process box color gradient for threads, mem and cpu usage (Sapphire -> Mauve)
theme[process_start]=

2023/06/15 (19:13:01) | ===> btop++ v.1.2.13
2023/06/15 (19:13:01) | ERROR: Invalid hex value: 89dceb

# Process box color gradient for threads, mem and cpu usage (Sapphire -> Mauve)
theme[process_start]=

2023/06/15 (19:13:45) | ===> btop++ v.1.2.13
2023/06/15 (19:13:45) | ERROR: Invalid hex value: 89dceb

# Process box color gradient for threads, mem and cpu usage (Sapphire -> Mauve)
theme[process_start]=

2023/06/15 (19:16:02) | ===> btop++ v.1.2.13
2023/06/15 (19:16:02) | ERROR: Invalid hex value: 89dceb

# Process box color gradient for threads, mem and cpu usage (Sapphire -> Mauve)
theme[process_start]=

2023/06/15 (21:51:31) | ===> btop++ v.1.2.13
2023/06/15 (21:51:31) | ERROR: Invalid hex value: 89dceb

# Process box color gradient for threads, mem and cpu usage (Sapphire -> Mauve)
theme[process_start]=

2023/06/16 (16:15:39) | ===> btop++ v.1.2.13
2023/06/16 (16:15:39) | ERROR: Invalid hex value: 89dceb

# Process box color gradient for threads, mem and cpu usage (Sapphire -> Mauve)
theme[process_start]=
